<?xml version="1.0" encoding="UTF-8"?>
<testng-results ignored="0" total="11" passed="11" failed="0" skipped="0">
  <reporter-output>
  </reporter-output>
  <suite started-at="2024-04-03T16:05:16 IST" name="Suite" finished-at="2024-04-03T16:07:44 IST" duration-ms="147545">
    <groups>
    </groups>
    <test started-at="2024-04-03T16:05:16 IST" name="Test in Chrome Browser" finished-at="2024-04-03T16:07:44 IST" duration-ms="147545">
      <class name="TestCases.WorldClock_tc">
        <test-method signature="captureUserInfo()[pri:0, instance:TestCases.WorldClock_tc@2c1b194a]" started-at="2024-04-03T16:05:42 IST" name="captureUserInfo" finished-at="2024-04-03T16:06:00 IST" duration-ms="17981" status="PASS">
          <reporter-output>
          </reporter-output>
        </test-method> <!-- captureUserInfo -->
        <test-method signature="validationOfWorldClock()[pri:1, instance:TestCases.WorldClock_tc@2c1b194a]" started-at="2024-04-03T16:06:01 IST" name="validationOfWorldClock" finished-at="2024-04-03T16:06:03 IST" duration-ms="2078" status="PASS">
          <reporter-output>
          </reporter-output>
        </test-method> <!-- validationOfWorldClock -->
        <test-method signature="ValidationofCurretDateAndWeek()[pri:2, instance:TestCases.WorldClock_tc@2c1b194a]" started-at="2024-04-03T16:06:03 IST" name="ValidationofCurretDateAndWeek" finished-at="2024-04-03T16:06:07 IST" duration-ms="4161" status="PASS">
          <reporter-output>
          </reporter-output>
        </test-method> <!-- ValidationofCurretDateAndWeek -->
        <test-method signature="ValidationOfBangaloreTime()[pri:3, instance:TestCases.WorldClock_tc@2c1b194a]" started-at="2024-04-03T16:06:07 IST" name="ValidationOfBangaloreTime" finished-at="2024-04-03T16:06:14 IST" duration-ms="7181" status="PASS">
          <reporter-output>
          </reporter-output>
        </test-method> <!-- ValidationOfBangaloreTime -->
        <test-method signature="ValidationOfLondonTimeAndNewYorkTime()[pri:4, instance:TestCases.WorldClock_tc@2c1b194a]" started-at="2024-04-03T16:06:14 IST" name="ValidationOfLondonTimeAndNewYorkTime" finished-at="2024-04-03T16:06:44 IST" duration-ms="29887" status="PASS">
          <reporter-output>
          </reporter-output>
        </test-method> <!-- ValidationOfLondonTimeAndNewYorkTime -->
        <test-method signature="validationOfTimeZoneDifferenceForLondon()[pri:5, instance:TestCases.WorldClock_tc@2c1b194a]" started-at="2024-04-03T16:06:44 IST" name="validationOfTimeZoneDifferenceForLondon" finished-at="2024-04-03T16:06:45 IST" duration-ms="261" status="PASS">
          <reporter-output>
          </reporter-output>
        </test-method> <!-- validationOfTimeZoneDifferenceForLondon -->
        <test-method signature="validationOfTimeZoneDifferenceForNewYork()[pri:6, instance:TestCases.WorldClock_tc@2c1b194a]" started-at="2024-04-03T16:06:45 IST" name="validationOfTimeZoneDifferenceForNewYork" finished-at="2024-04-03T16:06:45 IST" duration-ms="294" status="PASS">
          <reporter-output>
          </reporter-output>
        </test-method> <!-- validationOfTimeZoneDifferenceForNewYork -->
        <test-method signature="clickOnOneCognizant()[pri:7, instance:TestCases.WorldClock_tc@2c1b194a]" started-at="2024-04-03T16:06:45 IST" name="clickOnOneCognizant" finished-at="2024-04-03T16:06:51 IST" duration-ms="5385" status="PASS">
          <reporter-output>
          </reporter-output>
        </test-method> <!-- clickOnOneCognizant -->
        <test-method signature="clickViewAllApps()[pri:8, instance:TestCases.WorldClock_tc@2c1b194a]" started-at="2024-04-03T16:06:51 IST" name="clickViewAllApps" finished-at="2024-04-03T16:07:31 IST" duration-ms="40355" status="PASS">
          <reporter-output>
          </reporter-output>
        </test-method> <!-- clickViewAllApps -->
        <test-method signature="validationOfAtoZAlphabats()[pri:9, instance:TestCases.WorldClock_tc@2c1b194a]" started-at="2024-04-03T16:07:31 IST" name="validationOfAtoZAlphabats" finished-at="2024-04-03T16:07:31 IST" duration-ms="203" status="PASS">
          <reporter-output>
          </reporter-output>
        </test-method> <!-- validationOfAtoZAlphabats -->
        <test-method signature="getRandomAlphabatAppDetails()[pri:10, instance:TestCases.WorldClock_tc@2c1b194a]" started-at="2024-04-03T16:07:32 IST" name="getRandomAlphabatAppDetails" finished-at="2024-04-03T16:07:32 IST" duration-ms="819" status="PASS">
          <reporter-output>
          </reporter-output>
        </test-method> <!-- getRandomAlphabatAppDetails -->
      </class> <!-- TestCases.WorldClock_tc -->
      <class name="TestBase.BaseClass">
        <test-method is-config="true" signature="setup(java.lang.String)[pri:0, instance:TestBase.BaseClass@6392827e]" started-at="2024-04-03T16:05:16 IST" name="setup" finished-at="2024-04-03T16:05:42 IST" duration-ms="26017" status="PASS">
          <params>
            <param index="0">
              <value>
                <![CDATA[chrome]]>
              </value>
            </param>
          </params>
          <reporter-output>
          </reporter-output>
        </test-method> <!-- setup -->
        <test-method is-config="true" signature="tearDown()[pri:0, instance:TestBase.BaseClass@6392827e]" started-at="2024-04-03T16:07:33 IST" name="tearDown" finished-at="2024-04-03T16:07:44 IST" duration-ms="11130" status="PASS">
          <reporter-output>
          </reporter-output>
        </test-method> <!-- tearDown -->
      </class> <!-- TestBase.BaseClass -->
    </test> <!-- Test in Chrome Browser -->
  </suite> <!-- Suite -->
</testng-results>
